Fetching top 100 cryptocurrencies from CoinMarketCap.
Processed BTC: circulating_supply=19807290, price=95498.09529456448, market_cap=1891558467947.0742
Processed ETH: circulating_supply=120474080.12469037, price=3352.515595411666, market_cap=403891232460.89905
Processed USDT: circulating_supply=137520044570.0381, price=0.9995358150850547, market_cap=137456209839.84607
Processed XRP: circulating_supply=57449049415, price=2.3127827310249547, market_cap=132867169400.81128
Processed BNB: circulating_supply=144006511.2, price=699.5701793318208, market_cap=100742660865.13385
Processed SOL: circulating_supply=483657447.17526567, price=196.6545797032168, market_cap=95113451994.58266
Processed DOGE: circulating_supply=147536406383.70526, price=0.34777456795431805, market_cap=51309409987.625786
Processed USDC: circulating_supply=45496041204.76122, price=0.99989533771071, market_cap=45491279484.935104
Processed ADA: circulating_supply=35151153812.59065, price=0.985530008443687, market_cap=34642516913.727806
Processed TRX: circulating_supply=86184866604.32858, price=0.24984312910046275, market_cap=21532696753.531425
Processed AVAX: circulating_supply=410227441.5401147, price=38.51451286034727, market_cap=15799710072.864105
Processed SUI: circulating_supply=3009569341.533888, price=4.575957027040897, market_cap=13771659976.75884
Processed LINK: circulating_supply=638099970.4527867, price=20.899013854479062, market_cap=13335660123.03547
Processed TON: circulating_supply=2539682596.105763, price=5.250711408653169, market_cap=13335140381.730429
Processed XLM: circulating_supply=30369404197.74476, price=0.4253765697321005, market_cap=12918432982.444319
Processed SHIB: circulating_supply=589255302573753.4, price=2.1638918494931796e-05, market_cap=12750847465.099823
Processed HBAR: circulating_supply=38256671127.39074, price=0.2809879456596908, market_cap=10749663427.863932
Processed DOT: circulating_supply=1536477514.7533345, price=6.925494215711533, market_cap=10640866140.995049
Processed BCH: circulating_supply=19812856.25, price=435.6516752990895, market_cap=8631504017.772535
Processed LEO: circulating_supply=924368463.9, price=9.046121772092766, market_cap=8361949686.721736
Processed UNI: circulating_supply=600483073.71, price=13.332228998927935, market_cap=8005777848.681843
Processed BGB: circulating_supply=1200000000, price=6.5496742727736255, market_cap=7859609127.328351
Processed LTC: circulating_supply=75395593.30410936, price=103.21239688541048, market_cap=7781759899.514733
Processed PEPE: circulating_supply=420689899999994.8, price=1.822398905128288e-05, market_cap=7666648131.585196
Processed HYPE: circulating_supply=333928180, price=21.450305609811974, market_cap=7162861512.728302
Processed NEAR: circulating_supply=1169124557, price=5.170041926255779, market_cap=6044422976.7052145
Processed USDe: circulating_supply=5810685929.250939, price=0.9988690956110623, market_cap=5804114599.030811
Processed DAI: circulating_supply=5365382702.664872, price=0.9999231472431198, market_cap=5364970358.212455
Processed ICP: circulating_supply=478788828.4665578, price=10.8063106046925, market_cap=5173940794.466462
Processed APT: circulating_supply=559018590.7057973, price=9.247937015042003, market_cap=5169768717.084759
Processed AAVE: circulating_supply=15041565.147855, price=298.11952713222627, market_cap=4484184289.207108
Processed MNT: circulating_supply=3364694382.8368406, price=1.2395942281054306, market_cap=4170855736.303312
Processed RENDER: circulating_supply=517697726.68759453, price=7.85740020696276, market_cap=4067758224.819256
Processed POL: circulating_supply=8409847590.020298, price=0.4637678016520017, market_cap=3900216529.0520983
Processed CRO: circulating_supply=26571560696, price=0.14451805228175407, market_cap=3840070197.8723297
Processed ETC: circulating_supply=150267543.64630145, price=25.453909140866344, market_cap=3824896402.7941246
Processed OM: circulating_supply=959542031.9099997, price=3.8811020760725676, market_cap=3724080572.1247897
Processed VET: circulating_supply=80985041177, price=0.045599451521119216, market_cap=3692873459.086455
Processed XMR: circulating_supply=18446744.07370955, price=193.77108611977374, market_cap=3574445634.5361996
Processed VIRTUAL: circulating_supply=1000000000, price=3.519531329522444, market_cap=3519531329.5224442
Processed TAO: circulating_supply=7380936, price=474.87937569579975, market_cap=3505054279.7306533
Processed ARB: circulating_supply=4210111968, price=0.8066876544696491, market_cap=3396245348.5205183
Processed FIL: circulating_supply=619892718, price=5.265553749433376, market_cap=3264078425.511347
Processed FET: circulating_supply=2440157918.7880692, price=1.3360931002547627, market_cap=3260278158.824761
Processed ALGO: circulating_supply=8350170318.53689, price=0.3653824532820635, market_cap=3051005716.310078
Processed ENA: circulating_supply=3032812500, price=0.9765977455574821, market_cap=2961837850.198551
Processed KAS: circulating_supply=25509942921.80329, price=0.11179912465005534, market_cap=2851989288.5304832
Processed OKB: circulating_supply=60000000, price=47.47109090666976, market_cap=2848265454.4001856
Processed ATOM: circulating_supply=390934204, price=6.594965417409046, market_cap=2578197555.8623333
Processed OP: circulating_supply=1351719035, price=1.825878612708588, market_cap=2468074876.397591
Processed PENGU: circulating_supply=62860396090.04, price=0.037322426197927604, market_cap=2346102493.8430147
Processed STX: circulating_supply=1508061749.91962, price=1.5444842917635815, market_cap=2329177683.7603517
Processed INJ: circulating_supply=98970935.41, price=22.905622809805866, market_cap=2266990915.635119
Processed TIA: circulating_supply=481698343.992741, price=4.671662552324667, market_cap=2250332115.147694
Processed BONK: circulating_supply=76267348779387.38, price=2.9444665926145927e-05, market_cap=2245666605.8819146
Processed THETA: circulating_supply=1000000000, price=2.1936074897537017, market_cap=2193607489.7537017
Processed IMX: circulating_supply=1719283101.3898141, price=1.2643780481425833, market_cap=2173823811.93978
Processed MOVE: circulating_supply=2250000000, price=0.9511729366934919, market_cap=2140139107.5603569
Processed GRT: circulating_supply=9548531509.165474, price=0.2122784431012998, market_cap=2026947402.6693516
Processed WLD: circulating_supply=869423237.9052992, price=2.256709956083059, market_cap=1962036077.0308585
Processed WIF: circulating_supply=998844734.729347, price=1.857814192549778, market_cap=1855667924.333799
Processed FTM: circulating_supply=2803634835.5265927, price=0.6609649735590716, market_cap=1853104424.9331264
Processed ONDO: circulating_supply=1389759838.4783604, price=1.3281906993268717, market_cap=1845866091.7649739
Processed FDUSD: circulating_supply=1818593847.62, price=0.9980959872076042, market_cap=1815131221.669959
Processed SEI: circulating_supply=4207777777, price=0.3976177655577725, market_cap=1673087197.654391
Processed FLOKI: circulating_supply=9602552540122.463, price=0.00017223574541957586, market_cap=1653902794.678634
Processed JASMY: circulating_supply=49394999677.16958, price=0.03334454857655858, market_cap=1647053966.1744764
Processed GT: circulating_supply=88715500.2868921, price=18.065648216675143, market_cap=1602703019.5493355
Processed LDO: circulating_supply=896046961.4578881, price=1.7308710111336245, market_cap=1550941710.2018268
Processed RAY: circulating_supply=290888623.959345, price=5.089263866550308, market_cap=1480408963.1068347
Processed SAND: circulating_supply=2445857126.2233224, price=0.5968495138692849, market_cap=1459808636.780116
Processed RUNE: circulating_supply=341703052, price=4.177034449552509, market_cap=1427305419.7212324
Processed FLR: circulating_supply=56774162397.15122, price=0.024768820341445546, market_cap=1406229028.451092
Processed XDC: circulating_supply=14932919359.85, price=0.09166139335755177, market_cap=1368772195.419811
Processed SPX: circulating_supply=930993090.07, price=1.434500452539325, market_cap=1335510009.0163996
Processed GALA: circulating_supply=36718296986.669495, price=0.03601120695540853, market_cap=1322270191.8371084
Processed XTZ: circulating_supply=1023232716.587318, price=1.2772307651501498, market_cap=1306904305.5334864
Processed MKR: circulating_supply=892621.47297862, price=1448.7220000788407, market_cap=1293160365.646907
Processed QNT: circulating_supply=12072738, price=105.35928711250769, market_cap=1271975069.176082
Processed KCS: circulating_supply=122665482.14607973, price=10.307078006271798, market_cap=1264322693.1565843
Processed BRETT: circulating_supply=9910236395, price=0.12661472053557338, market_cap=1254781811.5943933
Processed PYTH: circulating_supply=3624988786.438567, price=0.3418124150532767, market_cap=1239066171.6336133
Processed EOS: circulating_supply=1538774396.2723, price=0.8027345344133414, market_cap=1235227348.5588152
Processed BEAM: circulating_supply=49466004168, price=0.024240511790184105, market_cap=1199081257.2477
Processed KAIA: circulating_supply=5914043881.402439, price=0.2016086045840548, market_cap=1192322134.378413
Processed AIOZ: circulating_supply=1148973234.821899, price=1.0254522499811405, market_cap=1178217188.8162255
Processed IOTA: circulating_supply=3593121973, price=0.3272270317362462, market_cap=1175766637.8910744
Processed ENS: circulating_supply=35358442.15999287, price=32.801638074842906, market_cap=1159814822.6223528
Processed BTT: circulating_supply=986061142857000, price=1.1480294810380233e-06, market_cap=1132027262.105882
Processed JUP: circulating_supply=1350000000, price=0.8330222602903898, market_cap=1124580051.3920262
Processed FLOW: circulating_supply=1554936091.0739655, price=0.7187236026446687, market_cap=1117569269.2588992
Processed CRV: circulating_supply=1264095844, price=0.8666979689250917, market_cap=1095589300.5214496
Processed STRK: circulating_supply=2419112366, price=0.448786096100044, market_cap=1085663994.7644808
Processed FARTCOIN: circulating_supply=999998256, price=1.079891970561947, market_cap=1079890087.2303503
Processed AR: circulating_supply=65652466, price=15.94399296161148, market_cap=1046762455.816437
Processed BSV: circulating_supply=19808328.125, price=52.58637948420195, market_cap=1041648259.7288405
Processed HNT: circulating_supply=176125521.54037997, price=5.894264642454972, market_cap=1038130434.2494031
Processed NEO: circulating_supply=70538831, price=14.293814443528039, market_cap=1008268961.3773834
Processed DYDX: circulating_supply=721195224.2685066, price=1.373128918928637, market_cap=990294018.6363105
Processed CORE: circulating_supply=933252877.8200154, price=1.060686828906747, market_cap=989889035.543008
Top 100 symbols initialized and saved to top_100_symbols.log
